<?xml version="1.0" encoding="UTF-8"?>
<!-- Generated by org.testng.reporters.JUnitReportReporter -->
<testsuite hostname="DESKTOP-FM8OD3M" failures="0" tests="1" name="practice.ParameterTest" time="0.018" errors="0" timestamp="2022-03-23T12:21:26 IST" skipped="0">
  <testcase classname="practice.ParameterTest" name="getData" time="0.018"/>
  <system-out/>
</testsuite> <!-- practice.ParameterTest -->
