<?xml version="1.0" encoding="UTF-8"?>
<!-- Generated by org.testng.reporters.JUnitReportReporter -->
<testsuite hostname="DESKTOP-FM8OD3M" failures="0" tests="1" name="practice.ParameterLoginPageOfVtigerTest" time="59.203" errors="0" timestamp="2022-03-23T14:49:08 IST" skipped="0">
  <testcase classname="practice.ParameterLoginPageOfVtigerTest" name="login" time="59.203"/>
  <system-out/>
</testsuite> <!-- practice.ParameterLoginPageOfVtigerTest -->
