<?xml version="1.0" encoding="UTF-8"?>
<!-- Generated by org.testng.reporters.JUnitReportReporter -->
<testsuite hostname="DESKTOP-FM8OD3M" failures="0" tests="1" name="com.crm.Testcases.CreateOrganizationTest" time="0.003" errors="0" timestamp="2022-03-22T18:20:39 IST" skipped="0">
  <testcase classname="com.crm.Testcases.CreateOrganizationTest" name="CreateOrganizationName" time="0.003"/>
  <system-out/>
</testsuite> <!-- com.crm.Testcases.CreateOrganizationTest -->
