<?xml version="1.0" encoding="UTF-8"?>
<!-- Generated by org.testng.reporters.JUnitReportReporter -->
<testsuite hostname="DESKTOP-FM8OD3M" failures="0" tests="1" name="com.crm.Testcases.CreateContactTest" time="0.006" errors="0" timestamp="2022-03-22T19:19:51 IST" skipped="0">
  <testcase classname="com.crm.Testcases.CreateContactTest" name="createNameTest" time="0.006"/>
  <system-out/>
</testsuite> <!-- com.crm.Testcases.CreateContactTest -->
