<?xml version="1.0" encoding="UTF-8"?>
<!-- Generated by org.testng.reporters.JUnitReportReporter -->
<testsuite hostname="DESKTOP-FM8OD3M" failures="0" tests="1" name="com.crm.Testscript.CreateCampaignTest" time="0.021" errors="0" timestamp="2022-03-22T18:23:19 IST" skipped="0">
  <testcase classname="com.crm.Testscript.CreateCampaignTest" name="createCampaignName" time="0.021"/>
  <system-out/>
</testsuite> <!-- com.crm.Testscript.CreateCampaignTest -->
