<?xml version="1.0" encoding="UTF-8"?>
<!-- Generated by org.testng.reporters.JUnitReportReporter -->
<testsuite hostname="DESKTOP-FM8OD3M" failures="0" tests="1" name="com.crm.Testscript.CreateProductTest" time="0.005" errors="0" timestamp="2022-03-22T18:23:19 IST" skipped="0">
  <testcase classname="com.crm.Testscript.CreateProductTest" name="createProduct" time="0.005"/>
  <system-out/>
</testsuite> <!-- com.crm.Testscript.CreateProductTest -->
