<?xml version="1.0" encoding="UTF-8"?>
<!-- Generated by org.testng.reporters.JUnitReportReporter -->
<testsuite hostname="DESKTOP-FM8OD3M" failures="0" tests="1" name="com.crm.Testcases.CreateProductTest" time="0.017" errors="0" timestamp="2022-03-22T18:47:06 IST" skipped="0">
  <testcase classname="com.crm.Testcases.CreateProductTest" name="createProduct" time="0.017"/>
  <system-out/>
</testsuite> <!-- com.crm.Testcases.CreateProductTest -->
